<?xml version="1.0" encoding="UTF-8"?>
<testsuite xmlns:xsi="http://www.w3.org/2001/XMLSchema-instance" xsi:noNamespaceSchemaLocation="https://maven.apache.org/surefire/maven-surefire-plugin/xsd/surefire-test-report.xsd" name="cn.liuxingwei.spring.mvc.maven.web.HomeControllerTest" time="0.643" tests="1" errors="0" skipped="0" failures="0">
  <properties>
    <property name="sun.desktop" value="gnome"/>
    <property name="awt.toolkit" value="sun.awt.X11.XToolkit"/>
    <property name="file.encoding.pkg" value="sun.io"/>
    <property name="java.specification.version" value="1.8"/>
    <property name="sun.cpu.isalist" value=""/>
    <property name="sun.jnu.encoding" value="UTF-8"/>
    <property name="java.class.path" value="/home/liuxingwei/Workspace/Java/spring-mvc-maven/target/test-classes:/home/liuxingwei/Workspace/Java/spring-mvc-maven/target/classes:/home/liuxingwei/.m2/repository/junit/junit/4.12/junit-4.12.jar:/home/liuxingwei/.m2/repository/org/hamcrest/hamcrest-core/1.3/hamcrest-core-1.3.jar:/home/liuxingwei/.m2/repository/org/springframework/spring-webmvc/4.3.5.RELEASE/spring-webmvc-4.3.5.RELEASE.jar:/home/liuxingwei/.m2/repository/org/springframework/spring-aop/4.3.5.RELEASE/spring-aop-4.3.5.RELEASE.jar:/home/liuxingwei/.m2/repository/org/springframework/spring-beans/4.3.5.RELEASE/spring-beans-4.3.5.RELEASE.jar:/home/liuxingwei/.m2/repository/org/springframework/spring-context/4.3.5.RELEASE/spring-context-4.3.5.RELEASE.jar:/home/liuxingwei/.m2/repository/org/springframework/spring-core/4.3.5.RELEASE/spring-core-4.3.5.RELEASE.jar:/home/liuxingwei/.m2/repository/org/springframework/spring-expression/4.3.5.RELEASE/spring-expression-4.3.5.RELEASE.jar:/home/liuxingwei/.m2/repository/org/springframework/spring-web/4.3.5.RELEASE/spring-web-4.3.5.RELEASE.jar:/home/liuxingwei/.m2/repository/javax/servlet/javax.servlet-api/3.1.0/javax.servlet-api-3.1.0.jar:/home/liuxingwei/.m2/repository/org/springframework/spring-test/4.3.5.RELEASE/spring-test-4.3.5.RELEASE.jar:/home/liuxingwei/.m2/repository/commons-lang/commons-lang/2.6/commons-lang-2.6.jar:/home/liuxingwei/.m2/repository/org/mockito/mockito-all/1.10.19/mockito-all-1.10.19.jar:/home/liuxingwei/.m2/repository/org/springframework/spring-jdbc/5.0.8.RELEASE/spring-jdbc-5.0.8.RELEASE.jar:/home/liuxingwei/.m2/repository/org/springframework/spring-tx/5.0.8.RELEASE/spring-tx-5.0.8.RELEASE.jar:/home/liuxingwei/.m2/repository/mysql/mysql-connector-java/8.0.12/mysql-connector-java-8.0.12.jar:/home/liuxingwei/.m2/repository/com/google/protobuf/protobuf-java/2.6.0/protobuf-java-2.6.0.jar:/home/liuxingwei/.m2/repository/org/apache/commons/commons-dbcp2/2.5.0/commons-dbcp2-2.5.0.jar:/home/liuxingwei/.m2/repository/org/apache/commons/commons-pool2/2.6.0/commons-pool2-2.6.0.jar:/home/liuxingwei/.m2/repository/commons-logging/commons-logging/1.2/commons-logging-1.2.jar:/home/liuxingwei/.m2/repository/org/hibernate/hibernate-core/5.3.5.Final/hibernate-core-5.3.5.Final.jar:/home/liuxingwei/.m2/repository/org/jboss/logging/jboss-logging/3.3.2.Final/jboss-logging-3.3.2.Final.jar:/home/liuxingwei/.m2/repository/javax/persistence/javax.persistence-api/2.2/javax.persistence-api-2.2.jar:/home/liuxingwei/.m2/repository/org/javassist/javassist/3.23.1-GA/javassist-3.23.1-GA.jar:/home/liuxingwei/.m2/repository/net/bytebuddy/byte-buddy/1.8.17/byte-buddy-1.8.17.jar:/home/liuxingwei/.m2/repository/antlr/antlr/2.7.7/antlr-2.7.7.jar:/home/liuxingwei/.m2/repository/org/jboss/spec/javax/transaction/jboss-transaction-api_1.2_spec/1.1.1.Final/jboss-transaction-api_1.2_spec-1.1.1.Final.jar:/home/liuxingwei/.m2/repository/org/jboss/jandex/2.0.5.Final/jandex-2.0.5.Final.jar:/home/liuxingwei/.m2/repository/com/fasterxml/classmate/1.3.4/classmate-1.3.4.jar:/home/liuxingwei/.m2/repository/javax/activation/javax.activation-api/1.2.0/javax.activation-api-1.2.0.jar:/home/liuxingwei/.m2/repository/dom4j/dom4j/1.6.1/dom4j-1.6.1.jar:/home/liuxingwei/.m2/repository/org/hibernate/common/hibernate-commons-annotations/5.0.4.Final/hibernate-commons-annotations-5.0.4.Final.jar:/home/liuxingwei/.m2/repository/org/springframework/spring-orm/5.0.8.RELEASE/spring-orm-5.0.8.RELEASE.jar:/home/liuxingwei/.m2/repository/org/mybatis/mybatis/3.4.6/mybatis-3.4.6.jar:/home/liuxingwei/.m2/repository/org/mybatis/mybatis-spring/1.3.2/mybatis-spring-1.3.2.jar:"/>
    <property name="java.vm.vendor" value="Oracle Corporation"/>
    <property name="sun.arch.data.model" value="64"/>
    <property name="java.vendor.url" value="http://java.oracle.com/"/>
    <property name="user.timezone" value=""/>
    <property name="java.vm.specification.version" value="1.8"/>
    <property name="os.name" value="Linux"/>
    <property name="user.country" value="US"/>
    <property name="sun.java.launcher" value="SUN_STANDARD"/>
    <property name="sun.boot.library.path" value="/usr/local/apps/jdk/jre/lib/amd64"/>
    <property name="sun.java.command" value="/home/liuxingwei/Workspace/Java/spring-mvc-maven/target/surefire/surefirebooter5841852746626900666.jar /home/liuxingwei/Workspace/Java/spring-mvc-maven/target/surefire 2018-08-27T23-05-43_775-jvmRun1 surefire950933703178028653tmp surefire_07243506146958028136tmp"/>
    <property name="surefire.test.class.path" value="/home/liuxingwei/Workspace/Java/spring-mvc-maven/target/test-classes:/home/liuxingwei/Workspace/Java/spring-mvc-maven/target/classes:/home/liuxingwei/.m2/repository/junit/junit/4.12/junit-4.12.jar:/home/liuxingwei/.m2/repository/org/hamcrest/hamcrest-core/1.3/hamcrest-core-1.3.jar:/home/liuxingwei/.m2/repository/org/springframework/spring-webmvc/4.3.5.RELEASE/spring-webmvc-4.3.5.RELEASE.jar:/home/liuxingwei/.m2/repository/org/springframework/spring-aop/4.3.5.RELEASE/spring-aop-4.3.5.RELEASE.jar:/home/liuxingwei/.m2/repository/org/springframework/spring-beans/4.3.5.RELEASE/spring-beans-4.3.5.RELEASE.jar:/home/liuxingwei/.m2/repository/org/springframework/spring-context/4.3.5.RELEASE/spring-context-4.3.5.RELEASE.jar:/home/liuxingwei/.m2/repository/org/springframework/spring-core/4.3.5.RELEASE/spring-core-4.3.5.RELEASE.jar:/home/liuxingwei/.m2/repository/org/springframework/spring-expression/4.3.5.RELEASE/spring-expression-4.3.5.RELEASE.jar:/home/liuxingwei/.m2/repository/org/springframework/spring-web/4.3.5.RELEASE/spring-web-4.3.5.RELEASE.jar:/home/liuxingwei/.m2/repository/javax/servlet/javax.servlet-api/3.1.0/javax.servlet-api-3.1.0.jar:/home/liuxingwei/.m2/repository/org/springframework/spring-test/4.3.5.RELEASE/spring-test-4.3.5.RELEASE.jar:/home/liuxingwei/.m2/repository/commons-lang/commons-lang/2.6/commons-lang-2.6.jar:/home/liuxingwei/.m2/repository/org/mockito/mockito-all/1.10.19/mockito-all-1.10.19.jar:/home/liuxingwei/.m2/repository/org/springframework/spring-jdbc/5.0.8.RELEASE/spring-jdbc-5.0.8.RELEASE.jar:/home/liuxingwei/.m2/repository/org/springframework/spring-tx/5.0.8.RELEASE/spring-tx-5.0.8.RELEASE.jar:/home/liuxingwei/.m2/repository/mysql/mysql-connector-java/8.0.12/mysql-connector-java-8.0.12.jar:/home/liuxingwei/.m2/repository/com/google/protobuf/protobuf-java/2.6.0/protobuf-java-2.6.0.jar:/home/liuxingwei/.m2/repository/org/apache/commons/commons-dbcp2/2.5.0/commons-dbcp2-2.5.0.jar:/home/liuxingwei/.m2/repository/org/apache/commons/commons-pool2/2.6.0/commons-pool2-2.6.0.jar:/home/liuxingwei/.m2/repository/commons-logging/commons-logging/1.2/commons-logging-1.2.jar:/home/liuxingwei/.m2/repository/org/hibernate/hibernate-core/5.3.5.Final/hibernate-core-5.3.5.Final.jar:/home/liuxingwei/.m2/repository/org/jboss/logging/jboss-logging/3.3.2.Final/jboss-logging-3.3.2.Final.jar:/home/liuxingwei/.m2/repository/javax/persistence/javax.persistence-api/2.2/javax.persistence-api-2.2.jar:/home/liuxingwei/.m2/repository/org/javassist/javassist/3.23.1-GA/javassist-3.23.1-GA.jar:/home/liuxingwei/.m2/repository/net/bytebuddy/byte-buddy/1.8.17/byte-buddy-1.8.17.jar:/home/liuxingwei/.m2/repository/antlr/antlr/2.7.7/antlr-2.7.7.jar:/home/liuxingwei/.m2/repository/org/jboss/spec/javax/transaction/jboss-transaction-api_1.2_spec/1.1.1.Final/jboss-transaction-api_1.2_spec-1.1.1.Final.jar:/home/liuxingwei/.m2/repository/org/jboss/jandex/2.0.5.Final/jandex-2.0.5.Final.jar:/home/liuxingwei/.m2/repository/com/fasterxml/classmate/1.3.4/classmate-1.3.4.jar:/home/liuxingwei/.m2/repository/javax/activation/javax.activation-api/1.2.0/javax.activation-api-1.2.0.jar:/home/liuxingwei/.m2/repository/dom4j/dom4j/1.6.1/dom4j-1.6.1.jar:/home/liuxingwei/.m2/repository/org/hibernate/common/hibernate-commons-annotations/5.0.4.Final/hibernate-commons-annotations-5.0.4.Final.jar:/home/liuxingwei/.m2/repository/org/springframework/spring-orm/5.0.8.RELEASE/spring-orm-5.0.8.RELEASE.jar:/home/liuxingwei/.m2/repository/org/mybatis/mybatis/3.4.6/mybatis-3.4.6.jar:/home/liuxingwei/.m2/repository/org/mybatis/mybatis-spring/1.3.2/mybatis-spring-1.3.2.jar:"/>
    <property name="sun.cpu.endian" value="little"/>
    <property name="user.home" value="/home/liuxingwei"/>
    <property name="user.language" value="en"/>
    <property name="java.specification.vendor" value="Oracle Corporation"/>
    <property name="java.home" value="/usr/local/apps/jdk/jre"/>
    <property name="basedir" value="/home/liuxingwei/Workspace/Java/spring-mvc-maven"/>
    <property name="file.separator" value="/"/>
    <property name="line.separator" value="&#10;"/>
    <property name="java.vm.specification.vendor" value="Oracle Corporation"/>
    <property name="java.specification.name" value="Java Platform API Specification"/>
    <property name="java.awt.graphicsenv" value="sun.awt.X11GraphicsEnvironment"/>
    <property name="surefire.real.class.path" value="/home/liuxingwei/Workspace/Java/spring-mvc-maven/target/surefire/surefirebooter5841852746626900666.jar"/>
    <property name="sun.boot.class.path" value="/usr/local/apps/jdk/jre/lib/resources.jar:/usr/local/apps/jdk/jre/lib/rt.jar:/usr/local/apps/jdk/jre/lib/sunrsasign.jar:/usr/local/apps/jdk/jre/lib/jsse.jar:/usr/local/apps/jdk/jre/lib/jce.jar:/usr/local/apps/jdk/jre/lib/charsets.jar:/usr/local/apps/jdk/jre/lib/jfr.jar:/usr/local/apps/jdk/jre/classes"/>
    <property name="sun.management.compiler" value="HotSpot 64-Bit Tiered Compilers"/>
    <property name="java.runtime.version" value="1.8.0_152-b16"/>
    <property name="user.name" value="liuxingwei"/>
    <property name="path.separator" value=":"/>
    <property name="os.version" value="4.15.0-33-generic"/>
    <property name="java.endorsed.dirs" value="/usr/local/apps/jdk/jre/lib/endorsed"/>
    <property name="java.runtime.name" value="Java(TM) SE Runtime Environment"/>
    <property name="file.encoding" value="UTF-8"/>
    <property name="java.vm.name" value="Java HotSpot(TM) 64-Bit Server VM"/>
    <property name="localRepository" value="/home/liuxingwei/.m2/repository"/>
    <property name="java.vendor.url.bug" value="http://bugreport.sun.com/bugreport/"/>
    <property name="java.io.tmpdir" value="/tmp"/>
    <property name="java.version" value="1.8.0_152"/>
    <property name="user.dir" value="/home/liuxingwei/Workspace/Java/spring-mvc-maven"/>
    <property name="os.arch" value="amd64"/>
    <property name="java.vm.specification.name" value="Java Virtual Machine Specification"/>
    <property name="java.awt.printerjob" value="sun.print.PSPrinterJob"/>
    <property name="sun.os.patch.level" value="unknown"/>
    <property name="java.library.path" value="/usr/java/packages/lib/amd64:/usr/lib64:/lib64:/lib:/usr/lib"/>
    <property name="java.vm.info" value="mixed mode"/>
    <property name="java.vendor" value="Oracle Corporation"/>
    <property name="java.vm.version" value="25.152-b16"/>
    <property name="java.ext.dirs" value="/usr/local/apps/jdk/jre/lib/ext:/usr/java/packages/lib/ext"/>
    <property name="sun.io.unicode.encoding" value="UnicodeLittle"/>
    <property name="java.class.version" value="52.0"/>
  </properties>
  <testcase name="home" classname="cn.liuxingwei.spring.mvc.maven.web.HomeControllerTest" time="0.587"/>
</testsuite>